------------------------------------------
M.U.G.E.N ver 1.00 (2011.01.18) status log
------------------------------------------
Parsing command line...
Command line: C:\Users\William\Desktop\m\mugen\mugen.exe
Parse command line OK
Initializing...
Allocating game variables
Reading configuration file...OK
Initializing timer...performance timer enabled...frequency 3139281...OK
Initializing keyboard...configuring...OK
Initializing input engine...OK
Initializing sound...Using SDL audio driver: dsound
Requesting mixer parameters (44100, 16, 2, 2048)...
Opened mixer with parameters (44100, 16, 2, 2048)...
OK
Initializing BGM...BGMThreadInit returned 0
OK
Initializing graphics...gameCoord 1280x720...render mode 0_0...trying 1280x720x16 mode 0x0...success...OK
Setting callbacks...OK
Initializing font...OK
Initializing game variables...OK
Loading system fonts...OK
Loading options...
Initializing pads...failed
Reinitializing input engine...OK
Remapping keys...OK
Reinitializing input engine...OK
Options loaded OK
Loading system...
  Load system file system.def...OK
  Load system spr...OK
  Load system snd...OK
  Load system fonts...OK
  Load system anim...OK
  Load [Title Info]...OK
  Load [Option Info]...OK
  Load [Select Info]...OK
  Load [VS Screen]...OK
  Load [Victory Screen]...OK
  Load [Demo Mode]...OK
  Load [Continue Screen]...OK
  Load [Game Over Screen]...OK
  Load [Win Screen]...OK
  Load [Survival Results Screen]...OK
  Load [Default Ending]...OK
  Load [End Credits]...OK
  Load TitleBG...VersusBG...VictoryBG...SelectBG...OptionBG...OK
  Loading fight data
    Opening fight data file data/mugen1/fight.def...OK
    Reading [Files]...OK
    Loading fonts...OK
    Load fight anim...OK
    Reading [Lifebar]...[Turns Lifebar]...[Simul Lifebar]...[Powerbar]...
    [Face]...[Simul Face]...[Turns Face]...
    [Name]...[Simul Name]...[Turns Name]...
    [Time]...[Combo]...[Round]...[WinIcon]...OK
    Allocating explods...OK
  Fight data loaded OK
System loaded OK
Initialize OK
Set up graphics...timer...OK
Initializing character info...OK
Initializing select screen...finding characters...OK

Entering main loop
Entering character select.
attempting load and start...no BGM...attempting load and start...no BGM...Entering character select.
attempting load and start...no BGM...Options Screen
Config keys menu
Setting up input
Remapping keys...OK
Reinitializing input engine...OK
Return from config keys menu
Return from Options Screen
attempting load and start...no BGM...Loading character chars/kfm/kfm.def...
  Loading info...OK
  Loading cmd command set kfm.cmd...OK
  Loading cns kfm.cns...OK
  Loading cmd state entry kfm.cmd...OK
  Loading common states common1.cns...OK
  Unloading command names...OK
  Loading sff kfm.sff...OK
  Loading anim kfm.air...OK
  Loading snd kfm.snd...OK
  Loading pals...OK
  Loading learned AI kfm.ai...OK
  3009 expressions (979 on trigger lines)
Character kfm.def loaded OK
Playing storyboard chars/kfm/intro.def: scene
Loading character chars/kfm720/kfm720.def...
  Loading info...OK
  Loading cmd command set kfm720.cmd...OK
  Loading cns kfm720.cns...OK
  Loading cmd state entry kfm720.cmd...OK
  Loading common states common1.cns...OK
  Unloading command names...OK
  Loading sff kfm720.sff...OK
  Loading anim kfm720.air...OK
  Loading snd kfm.snd...attempting load and start...attempting load of ./chars/kfm/intro.mp3...Couldn't open BGM file ./chars/kfm/intro.mp3!
error 1!
OK
  Loading pals...OK
  Loading learned AI kfm720.ai...OK
  3008 expressions (978 on trigger lines)
Character kfm720.def loaded OK
Storyboard playback canceled 10:0 k69 p0
Finished playing storyboard chars/kfm/intro.def: scene
attempting load and start...no BGM...Initializing stage...
  Loading BG...OK
  Allocating helpers...OK
Stage initialized OK
Start of game loop
attempting load of sound/kfm.mid...Couldn't open BGM file sound/kfm.mid!
error 1!
End of game loop
Total time: 22.69s
Total frames: 1362 	Skipped frames: 0
Avg game rate: 60.03
Avg frame rate: 60.03

Entering character select.
attempting load and start...no BGM...Options Screen
Config keys menu
Setting up input
Remapping keys...OK
Reinitializing input engine...OK
Return from config keys menu
Return from Options Screen
attempting load and start...no BGM...Playing storyboard chars/kfm/intro.def: scene
attempting load and start...attempting load of ./chars/kfm/intro.mp3...Couldn't open BGM file ./chars/kfm/intro.mp3!
error 1!
Storyboard playback canceled 10:0 k69 p0
Finished playing storyboard chars/kfm/intro.def: scene
attempting load and start...no BGM...Initializing stage...
  Loading BG...OK
  Allocating helpers...OK
Stage initialized OK
Start of game loop
attempting load of sound/kfm.mid...Couldn't open BGM file sound/kfm.mid!
error 1!
End of game loop
Total time: 137.40s
Total frames: 8245 	Skipped frames: 0
Avg game rate: 60.01
Avg frame rate: 60.01

attempting load and start...no BGM...attempting load and start...no BGM...Initializing stage...
  Loading BG...OK
  Allocating helpers...OK
Stage initialized OK
attempting load of sound/kfm.mid...Couldn't open BGM file sound/kfm.mid!
error 1!
Start of game loop
End of game loop
Total time: 1.39s
Total frames: 84 	Skipped frames: 0
Avg game rate: 60.43
Avg frame rate: 60.43

Entering character select.
attempting load and start...no BGM...Returned from main loop
Deinitializing...
Frames      : 9691
Time elapsed: 441.230 sec
ticks: 44123, tps: 100, start 26, end 44149

Clearing player cache...OK
Freeing character info...OK
Freeing select screen...OK
Freeing fight data...OK
Freeing system data...OK
Freeing game variables...OK
Deinitializing input...pad...keyboard...OK
Removing callbacks...OK
Deintializing timer...OK
Deinitializing graphics...OK
Deinitializing BGM...OK
Deinitializing sound...OK
Successful program termination.

Log file successfully closed.
